<?xml version="1.0" encoding="UTF-8"?>
<!-- Generated by org.testng.reporters.JUnitReportReporter -->
<testsuite hostname="Ashwini" failures="0" tests="1" name="com.qa.login.LoginTest" time="12.879" errors="0" timestamp="13 Dec 2023 16:04:02 GMT" skipped="0">
  <testcase classname="com.qa.login.LoginTest" name="loginTestone" time="12.879"/>
</testsuite> <!-- com.qa.login.LoginTest -->
